<?xml version="1.0" encoding="UTF-8"?>
<testsuite xmlns:xsi="http://www.w3.org/2001/XMLSchema-instance" xsi:noNamespaceSchemaLocation="https://maven.apache.org/surefire/maven-surefire-plugin/xsd/surefire-test-report.xsd" name="com.calculator.StringCalculatorTest" time="0.269" tests="13" errors="0" skipped="0" failures="0">
  <properties>
[...]
</properties>
  <testcase name="ignoreNumGrtThn1000" classname="com.calculator.StringCalculatorTest" time="0.231"/>
  <testcase name="testCustomDelimiter" classname="com.calculator.StringCalculatorTest" time="0"/>
  <testcase name="testMultipleNegativeNumber" classname="com.calculator.StringCalculatorTest" time="0.001"/>
  <testcase name="testAddSingleNumber" classname="com.calculator.StringCalculatorTest" time="0"/>
  <testcase name="testAddWithTwoNumber" classname="com.calculator.StringCalculatorTest" time="0"/>
  <testcase name="testMultipleDelimiter" classname="com.calculator.StringCalculatorTest" time="0"/>
  <testcase name="testMultipleCustomDelimiter" classname="com.calculator.StringCalculatorTest" time="0"/>
  <testcase name="testEmptyString" classname="com.calculator.StringCalculatorTest" time="0"/>
  <testcase name="testNewLineAndComma" classname="com.calculator.StringCalculatorTest" time="0"/>
  <testcase name="testNegativeNumber" classname="com.calculator.StringCalculatorTest" time="0"/>
  <testcase name="testAddMultipleNumber" classname="com.calculator.StringCalculatorTest" time="0"/>
  <testcase name="testNewLineAsValidDelimiter" classname="com.calculator.StringCalculatorTest" time="0"/>
  <testcase name="validateCallCount" classname="com.calculator.StringCalculatorTest" time="0"/>
</testsuite>