<?xml version="1.0" encoding="UTF-8"?>
<testsuite xmlns:xsi="http://www.w3.org/2001/XMLSchema-instance" xsi:noNamespaceSchemaLocation="https://maven.apache.org/surefire/maven-surefire-plugin/xsd/surefire-test-report.xsd" name="com.calculator.StringCalculatorTest" time="0.158" tests="2" errors="0" skipped="0" failures="0">
  <properties>
[...]
</properties>
  <testcase name="testAddSingleNumber" classname="com.calculator.StringCalculatorTest" time="0.105"/>
  <testcase name="testEmptyString" classname="com.calculator.StringCalculatorTest" time="0"/>
</testsuite>